<?xml version="1.0" encoding="UTF-8"?>
<!-- Generated by org.testng.reporters.JUnitXMLReporter -->
<testsuite hostname="navdeeps-MBP.lan" ignored="0" name="Test" tests="4" failures="0" timestamp="2020-03-28T07:19:29 NZDT" time="0.046" errors="0">
  <testcase name="PostJira" time="0.004" classname="qaclickacademy.APITest"/>
  <testcase name="UIdeleteTwitter" time="0.0" classname="qaclickacademy.APITest"/>
  <testcase name="MobileTest" time="0.001" classname="qaclickacademy.AppiumTest"/>
  <testcase name="SanityTest" time="0.001" classname="qaclickacademy.AppiumTest"/>
</testsuite> <!-- Test -->
